<?xml version='1.0' encoding='UTF-8'?>
<testsuite hostname="C02W30GUHV2Q" name="com.dbx.demos.PullCensusDataServiceTests" tests="1" errors="0" failures="0" skipped="0" time="-0.001">
                     <properties>
[...]
</properties>
                     <testcase classname="com.dbx.demos.PullCensusDataServiceTests" name="test Pull Census Data Service" time="-0.001">
                                                 
                                               </testcase>
                     <system-out><![CDATA[]]></system-out>
                     <system-err><![CDATA[]]></system-err>
                   </testsuite>